<?xml version="1.0" encoding="UTF-8"?>
<testng-results ignored="0" total="1" passed="1" failed="0" skipped="0">
  <reporter-output>
  </reporter-output>
  <suite started-at="2024-09-26T18:42:52 IST" name="Default suite" finished-at="2024-09-26T18:42:53 IST" duration-ms="1262">
    <groups>
    </groups>
    <test started-at="2024-09-26T18:42:52 IST" name="Default test" finished-at="2024-09-26T18:42:53 IST" duration-ms="1262">
      <class name="ResponseValidation.Learn_VerifyResponseTimeTest">
        <test-method signature="responseTime()[pri:0, instance:ResponseValidation.Learn_VerifyResponseTimeTest@41a0aa7d]" started-at="2024-09-26T18:42:52 IST" name="responseTime" finished-at="2024-09-26T18:42:53 IST" duration-ms="1220" status="PASS">
          <reporter-output>
          </reporter-output>
        </test-method> <!-- responseTime -->
      </class> <!-- ResponseValidation.Learn_VerifyResponseTimeTest -->
    </test> <!-- Default test -->
  </suite> <!-- Default suite -->
</testng-results>
